[GIN-debug] [WARNING] Creating an Engine instance with the Logger and Recovery middleware already attached.

[GIN-debug] [WARNING] Running in "debug" mode. Switch to "release" mode in production.
 - using env:	export GIN_MODE=release
 - using code:	gin.SetMode(gin.ReleaseMode)

[GIN-debug] GET    /health                   --> main.setupRouter.func1 (4 handlers)
[GIN-debug] POST   /api/frameflow/client/:action --> github.com/viruslox/VLX_FrameFlow_GUI/backend/internal/api.(*API).handleFrameFlowClient-fm (5 handlers)
[GIN-debug] POST   /api/frameflow/ap/:action --> github.com/viruslox/VLX_FrameFlow_GUI/backend/internal/api.(*API).handleFrameFlowAP-fm (5 handlers)
[GIN-debug] GET    /api/frameflow/bonding    --> github.com/viruslox/VLX_FrameFlow_GUI/backend/internal/api.(*API).handleFrameFlowBonding-fm (5 handlers)
[GIN-debug] POST   /api/mediamtx/:action     --> github.com/viruslox/VLX_FrameFlow_GUI/backend/internal/api.(*API).handleMediaMTX-fm (5 handlers)
[GIN-debug] POST   /api/gps/:action          --> github.com/viruslox/VLX_FrameFlow_GUI/backend/internal/api.(*API).handleGPS-fm (5 handlers)
[GIN-debug] POST   /api/cameraman/:action    --> github.com/viruslox/VLX_FrameFlow_GUI/backend/internal/api.(*API).handleCameraman-fm (5 handlers)
[GIN-debug] GET    /ws                       --> github.com/viruslox/VLX_FrameFlow_GUI/backend/internal/api.(*WSHub).HandleWebSocket-fm (5 handlers)
2026/04/25 23:09:01 Starting server on :8080
[GIN-debug] [WARNING] You trusted all proxies, this is NOT safe. We recommend you to set a value.
Please check https://github.com/gin-gonic/gin/blob/master/docs/doc.md#dont-trust-all-proxies for details.
[GIN-debug] Listening and serving HTTP on :8080
[GIN] 2026/04/25 - 23:11:17 | 401 | 72.138µs |             ::1 | GET      "/"
[GIN] 2026/04/25 - 23:11:17 | 200 | 36.648µs |             ::1 | GET      "/"
[GIN] 2026/04/25 - 23:11:17 | 200 |   1.55ms |             ::1 | GET      "/assets/index-Cik6PZ26.css"
[GIN] 2026/04/25 - 23:11:17 | 200 |    2.7ms |             ::1 | GET      "/assets/index-Cy0jN_As.js"
[GIN] 2026/04/25 - 23:11:17 | 500 |  23.35ms |             ::1 | POST     "/api/frameflow/client/status"
[GIN] 2026/04/25 - 23:11:17 | 500 |  26.25ms |             ::1 | GET      "/api/frameflow/bonding"
[GIN] 2026/04/25 - 23:11:17 | 500 |  31.25ms |             ::1 | POST     "/api/cameraman/status"
[GIN] 2026/04/25 - 23:11:17 | 500 |  32.06ms |             ::1 | POST     "/api/gps/status"
[GIN] 2026/04/25 - 23:11:17 | 500 |  33.33ms |             ::1 | POST     "/api/mediamtx/status"
[GIN] 2026/04/25 - 23:11:19 | 200 |    2.02s |             ::1 | GET      "/ws"
